<?xml version="1.0" encoding="UTF-8"?>
<!-- Generated by org.testng.reporters.JUnitXMLReporter -->
<testsuite hostname="huangjiansh1-pc" name="Command line test" tests="3" failures="0" timestamp="1 Jun 2015 02:21:21 GMT" time="9.595" errors="0">
  <testcase name="testGenMsSqlSchema" time="1.482" classname="org.rci.testdataholder.SchemaToolTest"/>
  <testcase name="testGenMySqlSchema" time="3.932" classname="org.rci.testdataholder.SchemaToolTest"/>
  <testcase name="testGenOracleSchema" time="4.181" classname="org.rci.testdataholder.SchemaToolTest"/>
</testsuite> <!-- Command line test -->
