<?xml version="1.0" encoding="UTF-8"?>
<testng-results skipped="0" failed="0" total="3" passed="3">
  <reporter-output>
  </reporter-output>
  <suite name="Command line suite" duration-ms="9595" started-at="2015-06-01T02:21:11Z" finished-at="2015-06-01T02:21:21Z">
    <groups>
    </groups>
    <test name="Command line test" duration-ms="9595" started-at="2015-06-01T02:21:11Z" finished-at="2015-06-01T02:21:21Z">
      <class name="org.rci.testdataholder.SchemaToolTest">
        <test-method status="PASS" signature="testGenMsSqlSchema()[pri:0, instance:org.rci.testdataholder.SchemaToolTest@2f7c7260]" name="testGenMsSqlSchema" duration-ms="1482" started-at="2015-06-01T10:21:11Z" finished-at="2015-06-01T10:21:13Z">
          <reporter-output>
          </reporter-output>
        </test-method> <!-- testGenMsSqlSchema -->
        <test-method status="PASS" signature="testGenMySqlSchema()[pri:0, instance:org.rci.testdataholder.SchemaToolTest@2f7c7260]" name="testGenMySqlSchema" duration-ms="3932" started-at="2015-06-01T10:21:13Z" finished-at="2015-06-01T10:21:17Z">
          <reporter-output>
          </reporter-output>
        </test-method> <!-- testGenMySqlSchema -->
        <test-method status="PASS" signature="testGenOracleSchema()[pri:0, instance:org.rci.testdataholder.SchemaToolTest@2f7c7260]" name="testGenOracleSchema" duration-ms="4181" started-at="2015-06-01T10:21:17Z" finished-at="2015-06-01T10:21:21Z">
          <reporter-output>
          </reporter-output>
        </test-method> <!-- testGenOracleSchema -->
      </class> <!-- org.rci.testdataholder.SchemaToolTest -->
    </test> <!-- Command line test -->
  </suite> <!-- Command line suite -->
</testng-results>
